# JRE version: Java(TM) SE Runtime Environment (7.0_60-b19) (build 1.7.0_60-b19)
# Java VM: Java HotSpot(TM) 64-Bit Server VM (24.60-b09 mixed mode linux-amd64 compressed oops)
Heap
 PSYoungGen      total 50688K, used 34366K [0x00000000fa000000, 0x00000000fdc80000, 0x0000000100000000)
  eden space 42496K, 68% used [0x00000000fa000000,0x00000000fbc8c680,0x00000000fc980000)
  from space 8192K, 62% used [0x00000000fd480000,0x00000000fd983308,0x00000000fdc80000)
  to   space 9728K, 0% used [0x00000000fc980000,0x00000000fc980000,0x00000000fd300000)
 ParOldGen       total 95232K, used 88868K [0x00000000e8000000, 0x00000000edd00000, 0x00000000fa000000)
  object space 95232K, 93% used [0x00000000e8000000,0x00000000ed6c9380,0x00000000edd00000)
 PSPermGen       total 121344K, used 90404K [0x00000000e0000000, 0x00000000e7680000, 0x00000000e8000000)
  object space 121344K, 74% used [0x00000000e0000000,0x00000000e58491f0,0x00000000e7680000)
GC Heap History (10 events):
Event: 674.446 GC heap before
{Heap before GC invocations=88 (full 2):
 PSYoungGen      total 53248K, used 53188K [0x00000000fa000000, 0x00000000fe200000, 0x0000000100000000)
  eden space 48128K, 100% used [0x00000000fa000000,0x00000000fcf00000,0x00000000fcf00000)
  from space 5120K, 98% used [0x00000000fd080000,0x00000000fd571318,0x00000000fd580000)
  to   space 9728K, 0% used [0x00000000fd880000,0x00000000fd880000,0x00000000fe200000)
 ParOldGen       total 95232K, used 88516K [0x00000000e8000000, 0x00000000edd00000, 0x00000000fa000000)
  object space 95232K, 92% used [0x00000000e8000000,0x00000000ed671370,0x00000000edd00000)
 PSPermGen       total 121344K, used 90353K [0x00000000e0000000, 0x00000000e7680000, 0x00000000e8000000)
  object space 121344K, 74% used [0x00000000e0000000,0x00000000e583c440,0x00000000e7680000)
Event: 674.461 GC heap after
Heap after GC invocations=88 (full 2):
 PSYoungGen      total 54784K, used 6135K [0x00000000fa000000, 0x00000000fe080000, 0x0000000100000000)
  eden space 46592K, 0% used [0x00000000fa000000,0x00000000fa000000,0x00000000fcd80000)
  from space 8192K, 74% used [0x00000000fd880000,0x00000000fde7de40,0x00000000fe080000)
  to   space 9728K, 0% used [0x00000000fcd80000,0x00000000fcd80000,0x00000000fd700000)
 ParOldGen       total 95232K, used 88572K [0x00000000e8000000, 0x00000000edd00000, 0x00000000fa000000)
  object space 95232K, 93% used [0x00000000e8000000,0x00000000ed67f370,0x00000000edd00000)
 PSPermGen       total 121344K, used 90353K [0x00000000e0000000, 0x00000000e7680000, 0x00000000e8000000)
  object space 121344K, 74% used [0x00000000e0000000,0x00000000e583c440,0x00000000e7680000)
}
Event: 676.511 GC heap before
{Heap before GC invocations=89 (full 2):
 PSYoungGen      total 54784K, used 52727K [0x00000000fa000000, 0x00000000fe080000, 0x0000000100000000)
  eden space 46592K, 100% used [0x00000000fa000000,0x00000000fcd80000,0x00000000fcd80000)
  from space 8192K, 74% used [0x00000000fd880000,0x00000000fde7de40,0x00000000fe080000)
  to   space 9728K, 0% used [0x00000000fcd80000,0x00000000fcd80000,0x00000000fd700000)
 ParOldGen       total 95232K, used 88572K [0x00000000e8000000, 0x00000000edd00000, 0x00000000fa000000)
  object space 95232K, 93% used [0x00000000e8000000,0x00000000ed67f370,0x00000000edd00000)
 PSPermGen       total 121344K, used 90372K [0x00000000e0000000, 0x00000000e7680000, 0x00000000e8000000)
  object space 121344K, 74% used [0x00000000e0000000,0x00000000e5841050,0x00000000e7680000)
Event: 676.529 GC heap after
Heap after GC invocations=89 (full 2):
 PSYoungGen      total 52224K, used 6316K [0x00000000fa000000, 0x00000000fe080000, 0x0000000100000000)
  eden space 45568K, 0% used [0x00000000fa000000,0x00000000fa000000,0x00000000fcc80000)
  from space 6656K, 94% used [0x00000000fcd80000,0x00000000fd3ab308,0x00000000fd400000)
  to   space 10240K, 0% used [0x00000000fd680000,0x00000000fd680000,0x00000000fe080000)
 ParOldGen       total 95232K, used 88700K [0x00000000e8000000, 0x00000000edd00000, 0x00000000fa000000)
  object space 95232K, 93% used [0x00000000e8000000,0x00000000ed69f380,0x00000000edd00000)
 PSPermGen       total 121344K, used 90372K [0x00000000e0000000, 0x00000000e7680000, 0x00000000e8000000)
  object space 121344K, 74% used [0x00000000e0000000,0x00000000e5841050,0x00000000e7680000)
}
Event: 824.617 GC heap before
{Heap before GC invocations=90 (full 2):
 PSYoungGen      total 52224K, used 51884K [0x00000000fa000000, 0x00000000fe080000, 0x0000000100000000)
  eden space 45568K, 100% used [0x00000000fa000000,0x00000000fcc80000,0x00000000fcc80000)
  from space 6656K, 94% used [0x00000000fcd80000,0x00000000fd3ab308,0x00000000fd400000)
  to   space 10240K, 0% used [0x00000000fd680000,0x00000000fd680000,0x00000000fe080000)
 ParOldGen       total 95232K, used 88700K [0x00000000e8000000, 0x00000000edd00000, 0x00000000fa000000)
  object space 95232K, 93% used [0x00000000e8000000,0x00000000ed69f380,0x00000000edd00000)
 PSPermGen       total 121344K, used 90386K [0x00000000e0000000, 0x00000000e7680000, 0x00000000e8000000)
  object space 121344K, 74% used [0x00000000e0000000,0x00000000e5844a88,0x00000000e7680000)
Event: 824.660 GC heap after
Heap after GC invocations=90 (full 2):
 PSYoungGen      total 53760K, used 5964K [0x00000000fa000000, 0x00000000fdf80000, 0x0000000100000000)
  eden space 44544K, 0% used [0x00000000fa000000,0x00000000fa000000,0x00000000fcb80000)
  from space 9216K, 64% used [0x00000000fd680000,0x00000000fdc53308,0x00000000fdf80000)
  to   space 10240K, 0% used [0x00000000fcb80000,0x00000000fcb80000,0x00000000fd580000)
 ParOldGen       total 95232K, used 88764K [0x00000000e8000000, 0x00000000edd00000, 0x00000000fa000000)
  object space 95232K, 93% used [0x00000000e8000000,0x00000000ed6af380,0x00000000edd00000)
 PSPermGen       total 121344K, used 90386K [0x00000000e0000000, 0x00000000e7680000, 0x00000000e8000000)
  object space 121344K, 74% used [0x00000000e0000000,0x00000000e5844a88,0x00000000e7680000)
}
Event: 1238.527 GC heap before
{Heap before GC invocations=91 (full 2):
 PSYoungGen      total 53760K, used 50508K [0x00000000fa000000, 0x00000000fdf80000, 0x0000000100000000)
  eden space 44544K, 100% used [0x00000000fa000000,0x00000000fcb80000,0x00000000fcb80000)
  from space 9216K, 64% used [0x00000000fd680000,0x00000000fdc53308,0x00000000fdf80000)
  to   space 10240K, 0% used [0x00000000fcb80000,0x00000000fcb80000,0x00000000fd580000)
 ParOldGen       total 95232K, used 88764K [0x00000000e8000000, 0x00000000edd00000, 0x00000000fa000000)
  object space 95232K, 93% used [0x00000000e8000000,0x00000000ed6af380,0x00000000edd00000)
 PSPermGen       total 121344K, used 90403K [0x00000000e0000000, 0x00000000e7680000, 0x00000000e8000000)
  object space 121344K, 74% used [0x00000000e0000000,0x00000000e5848f78,0x00000000e7680000)
Event: 1238.568 GC heap after
Heap after GC invocations=91 (full 2):
 PSYoungGen      total 49152K, used 5324K [0x00000000fa000000, 0x00000000fde80000, 0x0000000100000000)
  eden space 43520K, 0% used [0x00000000fa000000,0x00000000fa000000,0x00000000fca80000)
  from space 5632K, 94% used [0x00000000fcb80000,0x00000000fd0b3308,0x00000000fd100000)
  to   space 10240K, 0% used [0x00000000fd480000,0x00000000fd480000,0x00000000fde80000)
 ParOldGen       total 95232K, used 88820K [0x00000000e8000000, 0x00000000edd00000, 0x00000000fa000000)
  object space 95232K, 93% used [0x00000000e8000000,0x00000000ed6bd380,0x00000000edd00000)
 PSPermGen       total 121344K, used 90403K [0x00000000e0000000, 0x00000000e7680000, 0x00000000e8000000)
  object space 121344K, 74% used [0x00000000e0000000,0x00000000e5848f78,0x00000000e7680000)
}
Event: 1643.756 GC heap before
{Heap before GC invocations=92 (full 2):
 PSYoungGen      total 49152K, used 48844K [0x00000000fa000000, 0x00000000fde80000, 0x0000000100000000)
  eden space 43520K, 100% used [0x00000000fa000000,0x00000000fca80000,0x00000000fca80000)
  from space 5632K, 94% used [0x00000000fcb80000,0x00000000fd0b3308,0x00000000fd100000)
  to   space 10240K, 0% used [0x00000000fd480000,0x00000000fd480000,0x00000000fde80000)
 ParOldGen       total 95232K, used 88820K [0x00000000e8000000, 0x00000000edd00000, 0x00000000fa000000)
  object space 95232K, 93% used [0x00000000e8000000,0x00000000ed6bd380,0x00000000edd00000)
 PSPermGen       total 121344K, used 90404K [0x00000000e0000000, 0x00000000e7680000, 0x00000000e8000000)
  object space 121344K, 74% used [0x00000000e0000000,0x00000000e5849020,0x00000000e7680000)
Event: 1643.794 GC heap after
Heap after GC invocations=92 (full 2):
 PSYoungGen      total 50688K, used 5132K [0x00000000fa000000, 0x00000000fdc80000, 0x0000000100000000)
  eden space 42496K, 0% used [0x00000000fa000000,0x00000000fa000000,0x00000000fc980000)
  from space 8192K, 62% used [0x00000000fd480000,0x00000000fd983308,0x00000000fdc80000)
  to   space 9728K, 0% used [0x00000000fc980000,0x00000000fc980000,0x00000000fd300000)
 ParOldGen       total 95232K, used 88868K [0x00000000e8000000, 0x00000000edd00000, 0x00000000fa000000)
  object space 95232K, 93% used [0x00000000e8000000,0x00000000ed6c9380,0x00000000edd00000)
 PSPermGen       total 121344K, used 90404K [0x00000000e0000000, 0x00000000e7680000, 0x00000000e8000000)
  object space 121344K, 74% used [0x00000000e0000000,0x00000000e5849020,0x00000000e7680000)
}

